<?xml version="1.0" encoding="UTF-8"?>
<!-- Generated by org.testng.reporters.JUnitXMLReporter -->
<testsuite hostname="SEZ-LAP-49" name="Real Devices1 Test" tests="31" failures="1" timestamp="17 May 2019 07:44:23 GMT" time="6.438" errors="0">
  <testcase name="@AfterMethod tearDown" time="0.0" classname="com.enrich.testcases.HomePageTest">
    <failure type="java.lang.NullPointerException">
      <![CDATA[java.lang.NullPointerException
	at com.enrich.testcases.HomePageTest.tearDown(HomePageTest.java:105)
	at java.util.concurrent.FutureTask.run(Unknown Source)
	at java.util.concurrent.ThreadPoolExecutor.runWorker(Unknown Source)
	at java.util.concurrent.ThreadPoolExecutor$Worker.run(Unknown Source)
	at java.lang.Thread.run(Unknown Source)
... Removed 18 stack frames]]>
    </failure>
  </testcase> <!-- @AfterMethod tearDown -->
  <testcase name="@BeforeMethod setUp" time="0.0" classname="com.enrich.testcases.SignUpPageTest">
    <failure type="java.lang.NullPointerException">
      <![CDATA[java.lang.NullPointerException
	at com.enrich.pages.HomePage.signUpButtonClick(HomePage.java:64)
	at com.enrich.testcases.SignUpPageTest.setUp(SignUpPageTest.java:28)
	at java.util.concurrent.FutureTask.run(Unknown Source)
	at java.util.concurrent.ThreadPoolExecutor.runWorker(Unknown Source)
	at java.util.concurrent.ThreadPoolExecutor$Worker.run(Unknown Source)
	at java.lang.Thread.run(Unknown Source)
... Removed 18 stack frames]]>
    </failure>
  </testcase> <!-- @BeforeMethod setUp -->
  <testcase name="@BeforeMethod setUp" time="0.0" classname="com.enrich.testcases.HomePageTest">
    <skipped/>
  </testcase> <!-- @BeforeMethod setUp -->
  <testcase name="@AfterMethod tearDown" time="0.0" classname="com.enrich.testcases.HomePageTest">
    <skipped/>
  </testcase> <!-- @AfterMethod tearDown -->
  <testcase name="@BeforeMethod setUp" time="0.0" classname="com.enrich.testcases.SignUpPageTest">
    <skipped/>
  </testcase> <!-- @BeforeMethod setUp -->
  <testcase name="@BeforeMethod setUp" time="0.0" classname="com.enrich.testcases.HomePageTest">
    <skipped/>
  </testcase> <!-- @BeforeMethod setUp -->
  <testcase name="@AfterMethod tearDown" time="0.0" classname="com.enrich.testcases.HomePageTest">
    <skipped/>
  </testcase> <!-- @AfterMethod tearDown -->
  <testcase name="@BeforeMethod setUp" time="0.0" classname="com.enrich.testcases.SignUpPageTest">
    <skipped/>
  </testcase> <!-- @BeforeMethod setUp -->
  <testcase name="@BeforeMethod setUp" time="0.0" classname="com.enrich.testcases.HomePageTest">
    <skipped/>
  </testcase> <!-- @BeforeMethod setUp -->
  <testcase name="@AfterMethod tearDown" time="0.0" classname="com.enrich.testcases.HomePageTest">
    <skipped/>
  </testcase> <!-- @AfterMethod tearDown -->
  <testcase name="@BeforeMethod setUp" time="0.0" classname="com.enrich.testcases.SignUpPageTest">
    <skipped/>
  </testcase> <!-- @BeforeMethod setUp -->
  <testcase name="@BeforeMethod setUp" time="0.0" classname="com.enrich.testcases.HomePageTest">
    <skipped/>
  </testcase> <!-- @BeforeMethod setUp -->
  <testcase name="@AfterMethod tearDown" time="0.0" classname="com.enrich.testcases.HomePageTest">
    <skipped/>
  </testcase> <!-- @AfterMethod tearDown -->
  <testcase name="@BeforeMethod setUp" time="0.0" classname="com.enrich.testcases.SignUpPageTest">
    <skipped/>
  </testcase> <!-- @BeforeMethod setUp -->
  <testcase name="@BeforeMethod setUp" time="0.0" classname="com.enrich.testcases.HomePageTest">
    <skipped/>
  </testcase> <!-- @BeforeMethod setUp -->
  <testcase name="@AfterMethod tearDown" time="0.0" classname="com.enrich.testcases.HomePageTest">
    <skipped/>
  </testcase> <!-- @AfterMethod tearDown -->
  <testcase name="@BeforeMethod setUp" time="0.0" classname="com.enrich.testcases.SignUpPageTest">
    <skipped/>
  </testcase> <!-- @BeforeMethod setUp -->
  <testcase name="@BeforeMethod setUp" time="0.0" classname="com.enrich.testcases.HomePageTest">
    <skipped/>
  </testcase> <!-- @BeforeMethod setUp -->
  <testcase name="@AfterMethod tearDown" time="0.0" classname="com.enrich.testcases.HomePageTest">
    <skipped/>
  </testcase> <!-- @AfterMethod tearDown -->
  <testcase name="@BeforeMethod setUp" time="0.0" classname="com.enrich.testcases.SignUpPageTest">
    <skipped/>
  </testcase> <!-- @BeforeMethod setUp -->
  <testcase name="@BeforeMethod setUp" time="0.0" classname="com.enrich.testcases.HomePageTest">
    <skipped/>
  </testcase> <!-- @BeforeMethod setUp -->
  <testcase name="@AfterMethod tearDown" time="0.0" classname="com.enrich.testcases.HomePageTest">
    <skipped/>
  </testcase> <!-- @AfterMethod tearDown -->
  <testcase name="@BeforeMethod setUp" time="0.0" classname="com.enrich.testcases.SignUpPageTest">
    <skipped/>
  </testcase> <!-- @BeforeMethod setUp -->
  <testcase name="@BeforeMethod setUp" time="0.0" classname="com.enrich.testcases.HomePageTest">
    <skipped/>
  </testcase> <!-- @BeforeMethod setUp -->
  <testcase name="@AfterMethod tearDown" time="0.0" classname="com.enrich.testcases.HomePageTest">
    <skipped/>
  </testcase> <!-- @AfterMethod tearDown -->
  <testcase name="@BeforeMethod setUp" time="0.0" classname="com.enrich.testcases.SignUpPageTest">
    <skipped/>
  </testcase> <!-- @BeforeMethod setUp -->
  <testcase name="@BeforeMethod setUp" time="0.0" classname="com.enrich.testcases.SignUpPageTest">
    <skipped/>
  </testcase> <!-- @BeforeMethod setUp -->
  <testcase name="@BeforeMethod setUp" time="0.0" classname="com.enrich.testcases.SignUpPageTest">
    <skipped/>
  </testcase> <!-- @BeforeMethod setUp -->
  <testcase name="@BeforeMethod setUp" time="0.0" classname="com.enrich.testcases.SignUpPageTest">
    <skipped/>
  </testcase> <!-- @BeforeMethod setUp -->
  <testcase name="@BeforeMethod setUp" time="0.0" classname="com.enrich.testcases.SignUpPageTest">
    <skipped/>
  </testcase> <!-- @BeforeMethod setUp -->
  <testcase name="@BeforeMethod setUp" time="0.0" classname="com.enrich.testcases.SignUpPageTest">
    <skipped/>
  </testcase> <!-- @BeforeMethod setUp -->
  <testcase name="@BeforeMethod setUp" time="0.0" classname="com.enrich.testcases.SignUpPageTest">
    <skipped/>
  </testcase> <!-- @BeforeMethod setUp -->
  <testcase name="@BeforeMethod setUp" time="0.0" classname="com.enrich.testcases.SignUpPageTest">
    <skipped/>
  </testcase> <!-- @BeforeMethod setUp -->
  <testcase name="@BeforeMethod setUp" time="0.0" classname="com.enrich.testcases.SignUpPageTest">
    <skipped/>
  </testcase> <!-- @BeforeMethod setUp -->
  <testcase name="@BeforeMethod setUp" time="0.0" classname="com.enrich.testcases.SignUpPageTest">
    <skipped/>
  </testcase> <!-- @BeforeMethod setUp -->
  <testcase name="@BeforeMethod setUp" time="0.0" classname="com.enrich.testcases.SignUpPageTest">
    <skipped/>
  </testcase> <!-- @BeforeMethod setUp -->
  <testcase name="@BeforeMethod setUp" time="0.0" classname="com.enrich.testcases.SignUpPageTest">
    <skipped/>
  </testcase> <!-- @BeforeMethod setUp -->
  <testcase name="@BeforeMethod setUp" time="0.0" classname="com.enrich.testcases.SignUpPageTest">
    <skipped/>
  </testcase> <!-- @BeforeMethod setUp -->
  <testcase name="@BeforeMethod setUp" time="0.0" classname="com.enrich.testcases.SignUpPageTest">
    <skipped/>
  </testcase> <!-- @BeforeMethod setUp -->
  <testcase name="checkSignUPButtonText" time="0.024" classname="com.enrich.testcases.HomePageTest">
    <failure type="java.lang.NullPointerException">
      <![CDATA[java.lang.NullPointerException
	at com.enrich.pages.HomePage.signUpButtonText(HomePage.java:28)
	at com.enrich.testcases.HomePageTest.checkSignUPButtonText(HomePageTest.java:33)
	at java.util.concurrent.FutureTask.run(Unknown Source)
	at java.util.concurrent.ThreadPoolExecutor.runWorker(Unknown Source)
	at java.util.concurrent.ThreadPoolExecutor$Worker.run(Unknown Source)
	at java.lang.Thread.run(Unknown Source)
... Removed 16 stack frames]]>
    </failure>
  </testcase> <!-- checkSignUPButtonText -->
  <testcase name="checkCrossIconStatus" time="0.002" classname="com.enrich.testcases.SignUpPageTest">
    <skipped/>
  </testcase> <!-- checkCrossIconStatus -->
  <testcase name="checkSearchSalonButtonText" time="0.002" classname="com.enrich.testcases.HomePageTest">
    <skipped/>
  </testcase> <!-- checkSearchSalonButtonText -->
  <testcase name="checkCrossIconClick" time="0.002" classname="com.enrich.testcases.SignUpPageTest">
    <skipped/>
  </testcase> <!-- checkCrossIconClick -->
  <testcase name="checkSignUPButtonStatus" time="0.002" classname="com.enrich.testcases.HomePageTest">
    <skipped/>
  </testcase> <!-- checkSignUPButtonStatus -->
  <testcase name="checkLoginButtonText" time="0.001" classname="com.enrich.testcases.SignUpPageTest">
    <skipped/>
  </testcase> <!-- checkLoginButtonText -->
  <testcase name="checkSearchSalonButtonStatus" time="0.001" classname="com.enrich.testcases.HomePageTest">
    <skipped/>
  </testcase> <!-- checkSearchSalonButtonStatus -->
  <testcase name="checkLoginButtonStatus" time="0.001" classname="com.enrich.testcases.SignUpPageTest">
    <skipped/>
  </testcase> <!-- checkLoginButtonStatus -->
  <testcase name="clickOnSignUPButton" time="0.001" classname="com.enrich.testcases.HomePageTest">
    <skipped/>
  </testcase> <!-- clickOnSignUPButton -->
  <testcase name="checkNextIconButtonStatus" time="0.002" classname="com.enrich.testcases.SignUpPageTest">
    <skipped/>
  </testcase> <!-- checkNextIconButtonStatus -->
  <testcase name="clickOnSearchSalonButton" time="0.001" classname="com.enrich.testcases.HomePageTest">
    <skipped/>
  </testcase> <!-- clickOnSearchSalonButton -->
  <testcase name="checkEnrichImageStatus" time="0.002" classname="com.enrich.testcases.SignUpPageTest">
    <skipped/>
  </testcase> <!-- checkEnrichImageStatus -->
  <testcase name="checkBookAnAppointmentButtonStatus" time="0.03" classname="com.enrich.testcases.HomePageTest">
    <skipped/>
  </testcase> <!-- checkBookAnAppointmentButtonStatus -->
  <testcase name="checkConnectWithEmailFaceBookButtonStatus" time="0.001" classname="com.enrich.testcases.SignUpPageTest">
    <skipped/>
  </testcase> <!-- checkConnectWithEmailFaceBookButtonStatus -->
  <testcase name="clickOnBookAnAppointmentButton" time="0.001" classname="com.enrich.testcases.HomePageTest">
    <skipped/>
  </testcase> <!-- clickOnBookAnAppointmentButton -->
  <testcase name="checkConnectWithEmailFacebookButtonText" time="0.001" classname="com.enrich.testcases.SignUpPageTest">
    <skipped/>
  </testcase> <!-- checkConnectWithEmailFacebookButtonText -->
  <testcase name="checkBookAnAppointmentButtonText" time="0.001" classname="com.enrich.testcases.HomePageTest">
    <skipped/>
  </testcase> <!-- checkBookAnAppointmentButtonText -->
  <testcase name="checkConnectWithEmailGoogleButtonStatus" time="0.001" classname="com.enrich.testcases.SignUpPageTest">
    <skipped/>
  </testcase> <!-- checkConnectWithEmailGoogleButtonStatus -->
  <testcase name="checkConnectWithEmailGoogleButtonText" time="0.001" classname="com.enrich.testcases.SignUpPageTest">
    <skipped/>
  </testcase> <!-- checkConnectWithEmailGoogleButtonText -->
  <testcase name="checkConnectWithEmailButtonStatus" time="0.001" classname="com.enrich.testcases.SignUpPageTest">
    <skipped/>
  </testcase> <!-- checkConnectWithEmailButtonStatus -->
  <testcase name="checkConnectWithEmailButtonText" time="0.001" classname="com.enrich.testcases.SignUpPageTest">
    <skipped/>
  </testcase> <!-- checkConnectWithEmailButtonText -->
  <testcase name="checkDoYouHaveAReferralCodeCheckboxText" time="0.001" classname="com.enrich.testcases.SignUpPageTest">
    <skipped/>
  </testcase> <!-- checkDoYouHaveAReferralCodeCheckboxText -->
  <testcase name="checkYouHaveAReferralCodeCheckboxStatus" time="0.001" classname="com.enrich.testcases.SignUpPageTest">
    <skipped/>
  </testcase> <!-- checkYouHaveAReferralCodeCheckboxStatus -->
  <testcase name="checkDoYouHaveAReferralCodeCheckboxSelected" time="0.005" classname="com.enrich.testcases.SignUpPageTest">
    <skipped/>
  </testcase> <!-- checkDoYouHaveAReferralCodeCheckboxSelected -->
  <testcase name="checkcheckDoYouHaveAReferralCodeCheckboxNotSelected" time="0.001" classname="com.enrich.testcases.SignUpPageTest">
    <skipped/>
  </testcase> <!-- checkcheckDoYouHaveAReferralCodeCheckboxNotSelected -->
  <testcase name="checkReferralCodeFieldStatus" time="0.001" classname="com.enrich.testcases.SignUpPageTest">
    <skipped/>
  </testcase> <!-- checkReferralCodeFieldStatus -->
  <testcase name="checkReferralCodeFieldSupplyText" time="0.002" classname="com.enrich.testcases.SignUpPageTest">
    <skipped/>
  </testcase> <!-- checkReferralCodeFieldSupplyText -->
  <testcase name="checkReferralCodeFieldIsBlank" time="0.002" classname="com.enrich.testcases.SignUpPageTest">
    <skipped/>
  </testcase> <!-- checkReferralCodeFieldIsBlank -->
  <testcase name="checkApplyButtonStatus" time="0.003" classname="com.enrich.testcases.SignUpPageTest">
    <skipped/>
  </testcase> <!-- checkApplyButtonStatus -->
  <testcase name="checkApplyButtonText" time="0.001" classname="com.enrich.testcases.SignUpPageTest">
    <skipped/>
  </testcase> <!-- checkApplyButtonText -->
  <testcase name="checkApplyButtonClickMessage" time="0.002" classname="com.enrich.testcases.SignUpPageTest">
    <skipped/>
  </testcase> <!-- checkApplyButtonClickMessage -->
</testsuite> <!-- Real Devices1 Test -->
